error: test.pjcy.cn:The specified domain name does not exist. Refresh the page and try again.
error: test1.pjcy.cn:The specified domain name does not exist. Refresh the page and try again.
error: test2.pjcy.cn:The specified domain name does not exist. Refresh the page and try again.
error: test.pjcy.cn: The parameter value RecordId is invalid.
error: test1.pjcy.cn: The parameter value RecordId is invalid.
error: test2.pjcy.cn: The parameter value RecordId is invalid.
error: test.pjcy.cn:The specified domain name does not exist. Refresh the page and try again.
error: test1.pjcy.cn:The specified domain name does not exist. Refresh the page and try again.
error: test2.pjcy.cn:The specified domain name does not exist. Refresh the page and try again.
error: test.pjcy.cn: The parameter value RecordId is invalid.
error: test1.pjcy.cn: The parameter value RecordId is invalid.
error: test2.pjcy.cn: The parameter value RecordId is invalid.
error: test.pjcy.cn: The parameter value RecordId is invalid.
error: test1.pjcy.cn: The parameter value RecordId is invalid.
error: test2.pjcy.cn: The parameter value RecordId is invalid.
error: test.pjcy.cn: The parameter value RecordId is invalid.
error: test1.pjcy.cn: The parameter value RecordId is invalid.
error: test2.pjcy.cn: The parameter value RecordId is invalid.
error: test.pjcy.cn: The parameter value RecordId is invalid.
error: test1.pjcy.cn: The parameter value RecordId is invalid.
error: test2.pjcy.cn: The parameter value RecordId is invalid.
error: test.pjcy.cn:The specified domain name does not exist. Refresh the page and try again.
error: test1.pjcy.cn:The specified domain name does not exist. Refresh the page and try again.
error: test2.pjcy.cn:The specified domain name does not exist. Refresh the page and try again.
error: test.pjcy.cn: The parameter value RecordId is invalid.
error: test1.pjcy.cn: The parameter value RecordId is invalid.
error: test2.pjcy.cn: The parameter value RecordId is invalid.
error: test1.pjcy.cn:The DNS record already exists.
error: test1.pjcy.cn: The parameter value RecordId is invalid.
error: test2.pjcy.cn:The DNS record already exists.
error: test2.pjcy.cn: The parameter value RecordId is invalid.
